SF:lib/User.dart
DA:23,7
DA:36,3
DA:37,9
DA:41,1
DA:42,1
DA:43,2
DA:44,2
DA:48,8
DA:49,4
DA:50,4
DA:51,4
DA:52,4
DA:53,4
DA:54,4
DA:55,8
DA:56,4
DA:60,2
DA:61,2
DA:62,2
DA:63,2
DA:66,2
DA:67,4
DA:68,1
DA:70,2
DA:71,2
DA:72,2
DA:73,2
DA:76,2
DA:77,2
DA:83,2
DA:86,2
DA:87,2
DA:88,2
DA:90,4
DA:91,0
DA:93,6
DA:95,2
DA:99,0
DA:102,0
DA:103,0
DA:104,0
DA:105,0
DA:106,0
DA:108,0
DA:109,0
DA:110,0
DA:111,0
DA:115,0
DA:119,0
DA:120,0
DA:121,0
DA:122,0
DA:123,0
DA:125,0
DA:126,0
DA:135,1
DA:136,1
DA:137,1
DA:150,0
DA:151,0
DA:153,0
DA:154,0
DA:159,0
DA:160,0
DA:161,0
DA:162,0
DA:163,0
DA:164,0
DA:165,0
DA:167,0
DA:168,0
DA:169,0
DA:171,0
DA:172,0
DA:173,0
DA:178,0
DA:179,0
DA:180,0
DA:181,0
DA:182,0
DA:183,0
DA:188,0
DA:189,0
DA:193,1
DA:195,1
DA:196,1
DA:197,1
DA:199,1
DA:201,0
DA:210,1
DA:212,1
DA:213,1
DA:214,1
DA:215,1
DA:216,1
DA:217,1
DA:219,1
DA:220,1
DA:221,1
DA:222,3
DA:223,1
DA:225,1
DA:228,0
DA:229,0
DA:234,0
DA:235,0
DA:238,1
DA:239,1
DA:240,3
DA:241,1
DA:245,1
DA:247,0
DA:248,0
DA:253,0
DA:254,0
DA:258,1
DA:259,1
DA:260,1
DA:264,1
DA:266,3
DA:267,0
DA:268,0
DA:269,0
DA:272,0
DA:273,0
DA:278,1
DA:290,2
DA:291,1
DA:293,1
DA:295,1
DA:297,1
DA:298,1
DA:299,1
DA:300,1
DA:301,1
DA:303,1
DA:305,1
DA:306,1
DA:307,1
DA:308,1
DA:312,1
DA:313,1
DA:315,1
DA:321,1
DA:322,1
DA:323,4
DA:324,1
DA:325,0
DA:326,0
DA:329,1
DA:330,4
DA:331,1
DA:332,0
DA:333,0
DA:336,1
DA:337,4
DA:338,1
DA:339,0
DA:340,0
DA:343,1
DA:344,4
DA:345,1
DA:346,0
DA:347,0
DA:350,1
DA:351,4
DA:352,1
DA:353,0
DA:354,0
DA:360,1
DA:361,1
DA:362,1
DA:363,1
DA:366,1
DA:371,1
DA:374,1
DA:376,1
DA:382,1
DA:383,1
DA:384,1
DA:385,1
DA:386,1
DA:388,1
DA:390,1
DA:393,1
DA:394,1
DA:396,0
DA:397,1
DA:398,1
DA:399,1
DA:400,1
DA:401,1
DA:403,1
DA:405,1
DA:408,1
DA:409,0
DA:410,0
DA:411,0
DA:412,0
DA:413,0
DA:414,0
DA:416,0
DA:417,0
DA:419,0
DA:423,1
DA:426,1
DA:427,1
DA:429,1
DA:430,4
DA:438,1
DA:439,1
DA:440,1
DA:441,1
DA:443,0
DA:444,0
DA:446,1
DA:448,1
DA:451,1
DA:452,1
DA:453,1
DA:455,1
DA:457,1
DA:458,1
LF:223
LH:143
end_of_record
SF:lib/Address.dart
DA:16,8
DA:25,3
DA:26,3
DA:27,3
DA:28,3
DA:29,3
DA:30,3
DA:31,3
DA:36,5
DA:37,5
DA:38,10
DA:39,10
DA:40,10
DA:41,10
DA:42,10
DA:47,2
DA:48,4
DA:49,12
LF:18
LH:18
end_of_record
SF:lib/Chat.dart
DA:10,2
DA:13,1
DA:16,4
DA:17,2
DA:18,10
DA:22,4
DA:23,2
DA:25,10
DA:29,2
DA:32,2
DA:33,4
DA:37,2
DA:40,2
DA:42,4
DA:44,4
DA:45,0
DA:47,6
DA:48,2
DA:52,2
DA:54,2
DA:55,10
DA:56,3
DA:61,2
DA:64,2
DA:66,4
DA:69,4
DA:70,2
DA:72,4
DA:73,4
DA:78,6
DA:79,4
DA:80,4
DA:81,8
DA:82,8
DA:84,4
DA:90,2
DA:91,1
DA:92,3
DA:94,6
DA:105,2
DA:109,1
DA:112,2
DA:113,8
DA:117,4
DA:118,2
DA:119,2
DA:120,10
DA:124,4
DA:125,2
DA:126,2
DA:127,2
DA:128,8
DA:138,3
DA:142,2
DA:145,4
DA:146,2
DA:147,2
DA:148,4
DA:152,4
DA:153,2
DA:154,2
DA:155,4
LF:62
LH:61
end_of_record
SF:lib/chat_bubble_widget.dart
DA:10,2
DA:14,2
DA:17,2
DA:18,2
DA:35,8
DA:36,8
DA:37,8
DA:38,2
DA:42,1
DA:43,6
DA:46,5
DA:51,4
DA:52,2
DA:57,2
DA:58,14
DA:62,2
DA:65,8
DA:66,2
DA:70,2
DA:71,2
DA:72,2
DA:75,2
DA:76,6
DA:77,6
DA:84,2
DA:87,2
DA:89,2
DA:90,2
DA:91,2
DA:92,2
DA:93,2
DA:94,2
DA:97,2
DA:100,2
DA:104,2
DA:109,2
DA:110,2
DA:113,2
DA:115,2
DA:116,4
DA:117,8
LF:41
LH:41
end_of_record
SF:lib/chat_history.dart
DA:13,0
DA:14,0
DA:15,0
DA:27,0
DA:29,0
DA:30,0
DA:31,0
DA:34,0
DA:38,0
DA:40,0
DA:41,0
DA:42,0
DA:44,0
DA:45,0
DA:46,0
DA:48,0
DA:50,0
DA:59,0
DA:61,0
DA:62,0
DA:63,0
DA:64,0
DA:65,0
DA:66,0
DA:67,0
DA:68,0
DA:72,0
DA:74,0
DA:75,0
DA:76,0
DA:77,0
DA:78,0
DA:80,0
DA:82,0
DA:83,0
DA:84,0
DA:94,0
DA:95,0
DA:96,0
DA:97,0
DA:98,0
DA:99,0
DA:100,0
DA:101,0
DA:103,0
DA:104,0
DA:105,0
DA:109,0
DA:112,0
DA:113,0
DA:114,0
DA:117,0
DA:118,0
DA:119,0
DA:120,0
DA:121,0
DA:122,0
DA:123,0
DA:124,0
DA:125,0
DA:127,0
DA:128,0
DA:129,0
DA:134,0
DA:135,0
DA:136,0
DA:137,0
DA:139,0
DA:142,0
DA:143,0
DA:144,0
DA:145,0
DA:147,0
DA:148,0
DA:149,0
DA:151,0
DA:153,0
DA:154,0
DA:157,0
DA:158,0
DA:159,0
DA:161,0
DA:166,0
DA:169,0
DA:173,0
DA:175,0
DA:176,0
DA:178,0
DA:179,0
DA:181,0
DA:188,0
DA:189,0
DA:191,0
DA:192,0
DA:195,0
DA:209,0
LF:96
LH:0
end_of_record
SF:lib/login.dart
DA:11,8
DA:13,6
DA:14,6
DA:15,6
DA:20,0
DA:21,0
DA:29,0
DA:30,0
DA:31,0
DA:32,0
DA:33,0
DA:35,0
DA:36,0
DA:37,0
DA:38,0
DA:39,0
DA:41,0
DA:45,0
DA:48,0
DA:50,0
DA:51,0
DA:52,0
DA:53,0
DA:56,0
DA:57,0
DA:58,0
DA:59,0
DA:60,0
DA:61,0
DA:62,0
DA:63,0
DA:64,0
DA:65,0
DA:76,0
DA:78,0
DA:81,0
DA:82,0
DA:89,0
DA:91,0
DA:92,0
DA:93,0
DA:94,0
DA:95,0
DA:97,0
DA:98,0
DA:99,0
DA:101,0
DA:107,0
DA:108,0
DA:109,0
DA:110,0
DA:111,0
DA:116,0
DA:118,0
DA:121,0
DA:122,0
DA:123,0
DA:125,0
DA:126,0
DA:131,0
DA:133,0
DA:136,0
DA:137,0
DA:138,0
DA:139,0
DA:140,0
DA:141,0
DA:143,0
DA:145,0
DA:153,0
DA:154,0
DA:155,0
DA:156,0
DA:158,0
DA:161,0
DA:164,0
LF:76
LH:4
end_of_record
SF:lib/navbar_widget.dart
DA:12,6
DA:14,6
DA:15,6
DA:20,0
DA:21,0
DA:22,0
DA:23,0
DA:24,0
DA:25,0
DA:29,0
DA:30,0
DA:31,0
DA:32,0
DA:33,0
DA:39,6
DA:41,6
DA:43,6
DA:78,6
LF:18
LH:7
end_of_record
SF:lib/chat_page.dart
DA:17,2
DA:19,1
DA:20,1
DA:28,1
DA:30,1
DA:31,1
DA:35,1
DA:36,2
DA:37,1
DA:38,6
DA:39,2
DA:40,1
DA:45,1
DA:46,2
DA:47,1
DA:48,1
DA:49,7
DA:50,7
DA:51,2
DA:52,2
DA:53,1
DA:59,1
DA:61,1
DA:62,1
DA:63,1
DA:65,1
DA:67,0
DA:76,1
DA:78,1
DA:80,1
DA:81,1
DA:86,1
DA:88,1
DA:89,1
DA:90,3
DA:91,1
DA:92,0
DA:93,0
DA:95,0
DA:96,0
DA:97,0
DA:101,1
DA:102,1
DA:107,1
DA:108,3
DA:121,1
DA:122,1
DA:125,1
DA:126,1
DA:131,1
DA:132,3
DA:133,1
DA:134,3
DA:135,4
DA:136,1
DA:145,1
DA:146,1
DA:147,1
DA:148,1
DA:149,1
DA:157,1
DA:158,3
DA:159,1
DA:160,1
DA:161,1
DA:163,1
DA:164,2
DA:166,1
DA:174,1
LF:69
LH:63
end_of_record
SF:lib/public_profile.dart
DA:15,1
DA:20,1
DA:21,1
DA:27,1
DA:29,1
DA:30,1
DA:31,1
DA:33,1
DA:35,0
DA:44,1
DA:46,1
DA:47,1
DA:49,1
DA:50,1
DA:51,5
DA:52,1
DA:53,2
DA:54,0
DA:55,0
DA:56,0
DA:57,0
DA:58,0
DA:61,0
DA:63,0
DA:67,0
DA:69,0
DA:74,0
DA:75,0
DA:76,0
DA:80,0
DA:81,0
DA:82,0
DA:90,0
DA:91,0
DA:98,0
DA:99,0
DA:101,0
DA:115,1
DA:116,1
DA:117,1
DA:119,0
DA:120,0
DA:122,0
DA:123,0
DA:124,0
DA:125,0
DA:132,1
DA:133,3
DA:149,1
LF:49
LH:22
end_of_record
SF:lib/firebase_options.dart
DA:18,0
DA:22,0
DA:23,0
DA:25,0
DA:27,0
DA:29,0
DA:30,0
DA:34,0
DA:35,0
DA:40,0
LF:10
LH:0
end_of_record
SF:lib/home_page.dart
DA:20,1
DA:21,1
DA:22,1
DA:28,2
DA:30,1
DA:31,1
DA:32,1
DA:39,1
DA:41,1
DA:42,1
DA:45,1
DA:47,1
DA:49,0
DA:50,0
DA:53,0
DA:54,0
DA:55,0
DA:59,0
DA:60,0
DA:61,0
DA:62,0
DA:64,0
DA:66,0
DA:67,0
DA:71,1
DA:73,1
DA:74,1
DA:75,1
DA:82,1
DA:83,1
DA:84,1
DA:87,0
DA:88,0
DA:89,0
DA:91,0
DA:93,0
DA:95,0
DA:97,0
DA:99,0
DA:101,0
DA:103,0
DA:106,0
DA:107,0
DA:108,0
DA:109,0
DA:110,0
DA:112,0
DA:113,0
DA:114,0
DA:117,0
DA:118,0
DA:119,0
DA:120,0
DA:122,0
DA:123,0
DA:124,0
DA:127,0
DA:129,0
DA:130,0
DA:131,0
DA:133,0
DA:134,0
DA:135,0
DA:139,0
DA:141,0
DA:142,0
DA:143,0
DA:145,0
DA:146,0
DA:147,0
DA:155,1
DA:156,1
DA:157,1
DA:158,1
DA:160,1
DA:161,1
DA:163,1
DA:165,1
DA:173,1
DA:174,1
DA:176,1
DA:178,1
DA:188,2
DA:189,1
DA:190,0
DA:192,0
DA:193,0
DA:194,0
DA:195,0
DA:196,0
DA:197,0
DA:201,0
DA:206,0
DA:208,0
DA:209,0
DA:210,0
DA:211,0
DA:212,0
DA:213,0
DA:219,0
DA:220,0
DA:221,0
DA:222,0
DA:223,0
DA:232,0
DA:233,0
DA:234,0
DA:235,0
DA:236,0
DA:238,0
DA:239,0
DA:240,0
DA:241,0
DA:242,0
DA:243,0
DA:244,0
DA:245,0
DA:246,0
DA:247,0
DA:248,0
DA:253,0
DA:254,0
DA:256,0
DA:261,0
DA:262,0
DA:263,0
DA:264,0
DA:265,0
DA:269,0
DA:274,0
DA:276,0
DA:277,0
DA:278,0
DA:279,0
DA:280,0
DA:281,0
DA:287,0
DA:288,0
DA:289,0
DA:290,0
DA:291,0
DA:300,0
DA:301,0
DA:302,0
DA:303,0
DA:304,0
DA:306,0
DA:307,0
DA:308,0
DA:309,0
DA:310,0
DA:311,0
DA:312,0
DA:313,0
DA:314,0
DA:315,0
DA:316,0
DA:321,0
DA:322,0
DA:324,0
DA:334,1
DA:335,1
DA:336,1
DA:338,1
LF:164
LH:37
end_of_record
SF:lib/userProductsAvail.dart
DA:17,0
DA:25,1
DA:28,1
DA:29,1
DA:41,1
DA:43,1
DA:44,3
DA:45,2
DA:47,3
DA:48,3
DA:49,7
DA:50,0
DA:51,0
DA:52,0
DA:53,0
DA:54,0
DA:55,0
DA:56,0
DA:57,0
DA:58,0
DA:59,0
DA:61,0
DA:65,2
DA:68,2
DA:72,0
DA:73,0
DA:77,1
DA:79,1
DA:80,2
DA:81,3
DA:82,1
DA:84,1
DA:85,1
DA:86,1
DA:88,1
DA:90,0
DA:91,0
DA:95,1
DA:96,1
DA:99,1
DA:100,1
DA:101,1
DA:103,1
DA:108,1
DA:109,1
DA:110,1
DA:115,2
DA:116,0
DA:117,0
DA:118,0
DA:121,0
DA:122,0
DA:123,0
DA:124,0
DA:125,0
DA:128,0
DA:134,0
DA:136,0
DA:137,0
DA:138,0
DA:139,0
DA:141,0
DA:142,0
DA:149,0
DA:150,0
DA:151,0
DA:152,0
DA:153,0
DA:162,0
DA:163,0
DA:165,0
DA:166,0
DA:167,0
DA:169,0
DA:170,0
DA:181,1
LF:76
LH:32
end_of_record
SF:lib/products.dart
DA:19,1
DA:29,1
DA:30,1
DA:31,1
DA:49,1
DA:51,1
DA:52,3
DA:54,1
DA:55,1
DA:57,1
DA:58,2
DA:59,3
DA:62,1
DA:63,2
DA:64,4
DA:65,3
DA:66,1
DA:68,1
DA:69,2
DA:70,1
DA:71,1
DA:72,1
DA:73,1
DA:74,1
DA:78,2
DA:82,2
DA:85,1
DA:88,1
DA:89,2
DA:91,3
DA:92,1
DA:94,1
DA:95,1
DA:96,1
DA:98,1
DA:100,0
DA:109,1
DA:112,1
DA:113,1
DA:114,1
DA:117,1
DA:118,1
DA:119,1
DA:120,1
DA:121,1
DA:124,1
DA:125,1
DA:126,1
DA:128,1
DA:130,1
DA:132,1
DA:134,1
DA:136,1
DA:139,0
DA:140,0
DA:141,0
DA:142,0
DA:143,0
DA:144,0
DA:145,0
DA:151,1
DA:153,1
DA:154,1
DA:155,1
DA:158,1
DA:159,1
DA:160,1
DA:162,1
DA:164,1
DA:166,1
DA:168,1
DA:170,1
DA:172,1
DA:174,1
DA:176,1
DA:178,1
DA:180,1
DA:182,1
DA:185,0
DA:186,0
DA:187,0
DA:189,0
DA:190,0
DA:192,0
DA:193,0
DA:194,0
DA:203,1
DA:204,1
DA:205,1
DA:210,2
DA:211,0
DA:212,0
DA:213,0
DA:215,0
DA:217,0
DA:218,0
DA:219,0
DA:220,0
DA:221,0
DA:222,0
DA:223,0
DA:224,0
DA:225,0
DA:226,0
DA:231,0
DA:232,0
DA:233,0
DA:235,0
DA:236,0
DA:239,0
DA:245,0
DA:247,0
DA:248,0
DA:249,0
DA:250,0
DA:252,0
DA:253,0
DA:259,0
DA:260,0
DA:261,0
DA:263,0
DA:264,0
DA:273,0
DA:275,0
DA:276,0
DA:277,0
DA:278,0
DA:280,0
DA:281,0
DA:282,0
DA:283,0
DA:284,0
DA:285,0
DA:286,0
DA:287,0
DA:288,0
DA:289,0
DA:294,0
DA:295,0
DA:297,0
DA:309,1
LF:141
LH:75
end_of_record
SF:lib/userProductsSold.dart
DA:16,0
DA:24,0
DA:25,0
DA:26,0
DA:38,0
DA:40,0
DA:41,0
DA:42,0
DA:44,0
DA:45,0
DA:46,0
DA:47,0
DA:48,0
DA:49,0
DA:50,0
DA:51,0
DA:52,0
DA:53,0
DA:54,0
DA:55,0
DA:57,0
DA:60,0
DA:63,0
DA:67,0
DA:69,0
DA:70,0
DA:71,0
DA:72,0
DA:74,0
DA:75,0
DA:76,0
DA:78,0
DA:80,0
DA:81,0
DA:85,0
DA:86,0
DA:89,0
DA:90,0
DA:91,0
DA:93,0
DA:98,0
DA:99,0
DA:100,0
DA:105,0
DA:106,0
DA:107,0
DA:108,0
DA:111,0
DA:112,0
DA:113,0
DA:114,0
DA:115,0
DA:118,0
DA:124,0
DA:126,0
DA:127,0
DA:128,0
DA:129,0
DA:131,0
DA:132,0
DA:139,0
DA:140,0
DA:141,0
DA:142,0
DA:143,0
DA:152,0
DA:153,0
DA:154,0
DA:155,0
DA:156,0
DA:160,0
DA:161,0
DA:172,0
LF:73
LH:0
end_of_record
SF:lib/individualProduct.dart
DA:17,0
DA:27,0
DA:29,0
DA:31,0
DA:32,0
DA:33,0
DA:35,0
DA:37,0
DA:46,0
DA:48,0
DA:50,0
DA:51,0
DA:53,0
DA:55,0
DA:56,0
DA:61,0
DA:62,0
DA:64,0
DA:65,0
DA:66,0
DA:67,0
DA:71,0
DA:73,0
DA:74,0
DA:75,0
DA:76,0
DA:77,0
DA:78,0
DA:85,0
DA:86,0
DA:87,0
DA:88,0
DA:89,0
DA:99,0
DA:100,0
DA:101,0
DA:102,0
DA:103,0
DA:105,0
DA:106,0
DA:110,0
DA:111,0
DA:113,0
DA:119,0
LF:44
LH:0
end_of_record
SF:lib/private_profile.dart
DA:12,1
DA:14,1
DA:15,1
DA:23,0
DA:24,0
DA:25,0
DA:27,0
DA:28,0
DA:29,0
DA:33,0
DA:34,0
DA:35,0
DA:41,0
DA:42,0
DA:43,0
DA:44,0
DA:45,0
DA:46,0
DA:51,1
DA:53,1
DA:54,2
DA:56,1
DA:57,1
DA:58,1
DA:60,1
DA:62,0
DA:71,1
DA:73,1
DA:74,1
DA:76,1
DA:78,1
DA:79,1
DA:81,1
DA:82,1
DA:84,1
DA:92,1
DA:94,1
DA:95,1
DA:96,0
DA:105,1
DA:107,1
DA:110,1
DA:112,1
DA:116,1
DA:118,3
DA:126,1
DA:127,3
DA:128,1
DA:129,3
DA:138,1
DA:140,1
DA:141,1
DA:142,3
DA:151,1
DA:153,1
DA:154,1
DA:155,3
DA:157,3
DA:166,1
DA:168,1
DA:169,1
DA:170,3
DA:179,1
DA:181,1
DA:182,1
DA:183,4
DA:193,1
DA:195,1
DA:196,1
DA:199,1
DA:201,1
DA:202,1
DA:206,0
DA:207,0
DA:209,0
DA:210,0
DA:224,1
DA:227,1
DA:229,1
DA:230,1
DA:234,0
DA:250,1
LF:82
LH:60
end_of_record
SF:lib/new_post.dart
DA:17,0
DA:19,0
DA:20,0
DA:55,0
DA:56,0
DA:58,0
DA:59,0
DA:64,0
DA:65,0
DA:66,0
DA:67,0
DA:68,0
DA:69,0
DA:70,0
DA:73,0
DA:74,0
DA:75,0
DA:77,0
DA:78,0
DA:79,0
DA:84,0
DA:85,0
DA:88,0
DA:89,0
DA:90,0
DA:91,0
DA:92,0
DA:95,0
DA:96,0
DA:97,0
DA:98,0
DA:100,0
DA:101,0
DA:102,0
DA:103,0
DA:104,0
DA:111,0
DA:113,0
DA:114,0
DA:116,0
DA:117,0
DA:119,0
DA:120,0
DA:121,0
DA:123,0
DA:125,0
DA:134,0
DA:136,0
DA:137,0
DA:138,0
DA:140,0
DA:141,0
DA:143,0
DA:144,0
DA:145,0
DA:147,0
DA:153,0
DA:155,0
DA:157,0
DA:160,0
DA:162,0
DA:163,0
DA:164,0
DA:171,0
DA:172,0
DA:173,0
DA:174,0
DA:176,0
DA:181,0
DA:183,0
DA:185,0
DA:188,0
DA:190,0
DA:191,0
DA:192,0
DA:199,0
DA:200,0
DA:201,0
DA:202,0
DA:204,0
DA:209,0
DA:211,0
DA:213,0
DA:216,0
DA:218,0
DA:219,0
DA:220,0
DA:227,0
DA:228,0
DA:229,0
DA:230,0
DA:232,0
DA:237,0
DA:239,0
DA:241,0
DA:244,0
DA:246,0
DA:247,0
DA:248,0
DA:255,0
DA:256,0
DA:257,0
DA:258,0
DA:260,0
DA:265,0
DA:268,0
DA:269,0
DA:270,0
DA:271,0
DA:273,0
DA:275,0
DA:276,0
DA:277,0
DA:278,0
DA:282,0
DA:284,0
DA:290,0
DA:291,0
DA:292,0
DA:293,0
DA:295,0
DA:297,0
DA:302,0
DA:304,0
DA:305,0
DA:306,0
DA:307,0
DA:309,0
DA:311,0
DA:312,0
DA:313,0
DA:314,0
DA:318,0
DA:320,0
DA:326,0
DA:327,0
DA:328,0
DA:330,0
DA:331,0
DA:332,0
DA:334,0
DA:335,0
DA:336,0
DA:338,0
DA:340,0
DA:341,0
DA:343,0
DA:344,0
DA:345,0
DA:347,0
DA:349,0
DA:350,0
DA:351,0
DA:352,0
DA:353,0
DA:354,0
DA:355,0
DA:357,0
DA:358,0
DA:360,0
DA:365,0
DA:367,0
DA:368,0
DA:369,0
DA:371,0
DA:372,0
DA:376,0
DA:377,0
DA:379,0
DA:385,0
LF:170
LH:0
end_of_record
SF:lib/sign_up.dart
DA:9,0
DA:10,0
DA:28,0
DA:29,0
DA:30,0
DA:33,0
DA:34,0
DA:36,0
DA:37,0
DA:40,0
DA:41,0
DA:44,0
DA:45,0
DA:48,0
DA:49,0
DA:52,0
DA:53,0
DA:56,0
DA:57,0
DA:63,0
DA:65,0
DA:66,0
DA:73,0
DA:75,0
DA:76,0
DA:77,0
DA:78,0
DA:79,0
DA:80,0
DA:81,0
DA:82,0
DA:83,0
DA:84,0
DA:87,0
DA:92,0
DA:93,0
DA:96,0
DA:97,0
DA:98,0
DA:99,0
DA:104,0
DA:105,0
DA:108,0
DA:109,0
DA:110,0
DA:111,0
DA:116,0
DA:117,0
DA:120,0
DA:121,0
DA:122,0
DA:123,0
DA:125,0
DA:126,0
DA:131,0
DA:132,0
DA:135,0
DA:136,0
DA:138,0
DA:139,0
DA:144,0
DA:145,0
DA:148,0
DA:149,0
DA:150,0
DA:151,0
DA:152,0
DA:153,0
DA:155,0
DA:156,0
DA:157,0
DA:161,0
DA:162,0
DA:163,0
DA:165,0
DA:166,0
DA:167,0
DA:173,0
DA:174,0
DA:175,0
DA:176,0
DA:177,0
DA:178,0
DA:179,0
DA:180,0
DA:184,0
DA:185,0
DA:186,0
DA:187,0
DA:188,0
DA:189,0
DA:193,0
DA:194,0
DA:195,0
DA:196,0
DA:197,0
DA:198,0
DA:206,0
DA:207,0
DA:208,0
DA:209,0
DA:212,0
DA:213,0
DA:215,0
DA:217,0
DA:218,0
DA:219,0
DA:220,0
DA:224,0
DA:225,0
DA:227,0
DA:228,0
DA:229,0
DA:230,0
DA:239,0
DA:240,0
DA:243,0
DA:244,0
DA:245,0
DA:246,0
DA:251,0
DA:252,0
DA:255,0
DA:256,0
DA:258,0
DA:259,0
DA:260,0
DA:262,0
DA:263,0
DA:264,0
DA:265,0
DA:267,0
DA:269,0
DA:270,0
DA:271,0
DA:272,0
DA:274,0
DA:275,0
DA:276,0
DA:277,0
DA:284,0
DA:285,0
DA:287,0
DA:288,0
DA:292,0
DA:293,0
DA:294,0
DA:295,0
DA:296,0
DA:297,0
DA:298,0
DA:299,0
DA:300,0
DA:301,0
DA:302,0
DA:303,0
DA:304,0
DA:305,0
DA:309,0
DA:311,0
DA:315,0
LF:161
LH:0
end_of_record
SF:lib/main.dart
DA:15,0
DA:16,0
DA:17,0
DA:18,0
DA:21,0
DA:22,0
DA:23,0
DA:25,0
DA:26,0
DA:33,1
DA:35,0
DA:37,0
DA:40,0
DA:42,0
DA:44,0
LF:15
LH:1
end_of_record
